<?xml version="1.0" encoding="UTF-8"?>
<coverage generated="1586002958783" clover="3.2.0">
  <project timestamp="1586002958783" name="All files">
    <metrics statements="36" coveredstatements="25" conditionals="22" coveredconditionals="8" methods="19" coveredmethods="12" elements="77" coveredelements="45" complexity="0" loc="36" ncloc="36" packages="1" files="1" classes="1"/>
    <file name="utilities.js" path="/Users/andreas.ivarsson/MIU/src/background/utilities/utilities.js">
      <metrics statements="36" coveredstatements="25" conditionals="22" coveredconditionals="8" methods="19" coveredmethods="12"/>
      <line num="1" count="1" type="stmt"/>
      <line num="2" count="4" type="stmt"/>
      <line num="3" count="9" type="stmt"/>
      <line num="6" count="1" type="stmt"/>
      <line num="7" count="5" type="cond" truecount="2" falsecount="0"/>
      <line num="8" count="1" type="stmt"/>
      <line num="11" count="4" type="stmt"/>
      <line num="12" count="7" type="stmt"/>
      <line num="13" count="11" type="stmt"/>
      <line num="15" count="7" type="cond" truecount="2" falsecount="0"/>
      <line num="16" count="7" type="stmt"/>
      <line num="20" count="1" type="stmt"/>
      <line num="21" count="4" type="stmt"/>
      <line num="22" count="11" type="stmt"/>
      <line num="23" count="4" type="stmt"/>
      <line num="26" count="1" type="stmt"/>
      <line num="27" count="2" type="stmt"/>
      <line num="29" count="1" type="stmt"/>
      <line num="30" count="3" type="cond" truecount="4" falsecount="0"/>
      <line num="34" count="1" type="stmt"/>
      <line num="35" count="1" type="stmt"/>
      <line num="37" count="1" type="stmt"/>
      <line num="38" count="0" type="stmt"/>
      <line num="40" count="1" type="stmt"/>
      <line num="41" count="0" type="stmt"/>
      <line num="43" count="1" type="stmt"/>
      <line num="44" count="0" type="cond" truecount="0" falsecount="4"/>
      <line num="45" count="0" type="stmt"/>
      <line num="48" count="0" type="stmt"/>
      <line num="49" count="0" type="stmt"/>
      <line num="50" count="0" type="cond" truecount="0" falsecount="2"/>
      <line num="53" count="0" type="stmt"/>
      <line num="55" count="0" type="cond" truecount="0" falsecount="2"/>
      <line num="57" count="0" type="cond" truecount="0" falsecount="4"/>
      <line num="58" count="0" type="stmt"/>
      <line num="62" count="1" type="stmt"/>
    </file>
  </project>
</coverage>
