{"/Users/andreasivarsson/mindful-internet-use/src/background/API/API.js": {"path":"/Users/andreasivarsson/mindful-internet-use/src/background/API/API.js","statementMap":{"0":{"start":{"line":11,"column":18},"end":{"line":11,"column":27}},"1":{"start":{"line":15,"column":30},"end":{"line":27,"column":1}},"2":{"start":{"line":17,"column":21},"end":{"line":17,"column":28}},"3":{"start":{"line":19,"column":20},"end":{"line":21,"column":5}},"4":{"start":{"line":20,"column":18},"end":{"line":20,"column":80}},"5":{"start":{"line":23,"column":4},"end":{"line":25,"column":5}},"6":{"start":{"line":24,"column":8},"end":{"line":24,"column":57}},"7":{"start":{"line":26,"column":4},"end":{"line":26,"column":19}},"8":{"start":{"line":29,"column":31},"end":{"line":47,"column":1}},"9":{"start":{"line":30,"column":4},"end":{"line":46,"column":6}},"10":{"start":{"line":37,"column":12},"end":{"line":39,"column":13}},"11":{"start":{"line":38,"column":16},"end":{"line":38,"column":23}},"12":{"start":{"line":40,"column":28},"end":{"line":40,"column":35}},"13":{"start":{"line":41,"column":31},"end":{"line":41,"column":82}},"14":{"start":{"line":42,"column":12},"end":{"line":44,"column":13}},"15":{"start":{"line":43,"column":16},"end":{"line":43,"column":56}},"16":{"start":{"line":49,"column":27},"end":{"line":99,"column":1}},"17":{"start":{"line":50,"column":4},"end":{"line":98,"column":6}},"18":{"start":{"line":67,"column":12},"end":{"line":96,"column":14}},"19":{"start":{"line":95,"column":22},"end":{"line":95,"column":32}},"20":{"start":{"line":102,"column":26},"end":{"line":139,"column":1}},"21":{"start":{"line":104,"column":4},"end":{"line":138,"column":6}},"22":{"start":{"line":117,"column":12},"end":{"line":136,"column":14}},"23":{"start":{"line":123,"column":20},"end":{"line":125,"column":21}},"24":{"start":{"line":124,"column":24},"end":{"line":124,"column":31}},"25":{"start":{"line":126,"column":20},"end":{"line":128,"column":21}},"26":{"start":{"line":127,"column":24},"end":{"line":127,"column":31}},"27":{"start":{"line":130,"column":20},"end":{"line":134,"column":22}},"28":{"start":{"line":133,"column":32},"end":{"line":133,"column":87}},"29":{"start":{"line":133,"column":49},"end":{"line":133,"column":79}},"30":{"start":{"line":141,"column":30},"end":{"line":177,"column":1}},"31":{"start":{"line":142,"column":4},"end":{"line":176,"column":6}},"32":{"start":{"line":155,"column":12},"end":{"line":174,"column":14}},"33":{"start":{"line":161,"column":20},"end":{"line":163,"column":21}},"34":{"start":{"line":162,"column":24},"end":{"line":162,"column":31}},"35":{"start":{"line":164,"column":20},"end":{"line":166,"column":21}},"36":{"start":{"line":165,"column":24},"end":{"line":165,"column":31}},"37":{"start":{"line":168,"column":20},"end":{"line":172,"column":22}},"38":{"start":{"line":171,"column":32},"end":{"line":171,"column":87}},"39":{"start":{"line":171,"column":49},"end":{"line":171,"column":79}},"40":{"start":{"line":179,"column":26},"end":{"line":196,"column":1}},"41":{"start":{"line":180,"column":4},"end":{"line":182,"column":5}},"42":{"start":{"line":181,"column":8},"end":{"line":181,"column":15}},"43":{"start":{"line":184,"column":23},"end":{"line":184,"column":60}},"44":{"start":{"line":185,"column":25},"end":{"line":188,"column":5}},"45":{"start":{"line":186,"column":19},"end":{"line":186,"column":46}},"46":{"start":{"line":189,"column":30},"end":{"line":189,"column":77}},"47":{"start":{"line":191,"column":4},"end":{"line":191,"column":28}},"48":{"start":{"line":191,"column":21},"end":{"line":191,"column":28}},"49":{"start":{"line":193,"column":4},"end":{"line":195,"column":5}},"50":{"start":{"line":194,"column":8},"end":{"line":194,"column":28}},"51":{"start":{"line":198,"column":35},"end":{"line":220,"column":1}},"52":{"start":{"line":199,"column":4},"end":{"line":199,"column":52}},"53":{"start":{"line":200,"column":4},"end":{"line":202,"column":5}},"54":{"start":{"line":201,"column":8},"end":{"line":201,"column":62}},"55":{"start":{"line":203,"column":4},"end":{"line":205,"column":5}},"56":{"start":{"line":204,"column":8},"end":{"line":204,"column":62}},"57":{"start":{"line":206,"column":4},"end":{"line":212,"column":5}},"58":{"start":{"line":207,"column":8},"end":{"line":207,"column":48}},"59":{"start":{"line":208,"column":8},"end":{"line":211,"column":10}},"60":{"start":{"line":213,"column":4},"end":{"line":219,"column":5}},"61":{"start":{"line":214,"column":8},"end":{"line":214,"column":46}},"62":{"start":{"line":215,"column":8},"end":{"line":218,"column":10}},"63":{"start":{"line":222,"column":30},"end":{"line":247,"column":1}},"64":{"start":{"line":223,"column":4},"end":{"line":223,"column":47}},"65":{"start":{"line":224,"column":27},"end":{"line":226,"column":12}},"66":{"start":{"line":225,"column":48},"end":{"line":225,"column":65}},"67":{"start":{"line":227,"column":25},"end":{"line":227,"column":54}},"68":{"start":{"line":228,"column":20},"end":{"line":228,"column":79}},"69":{"start":{"line":229,"column":20},"end":{"line":229,"column":57}},"70":{"start":{"line":230,"column":23},"end":{"line":230,"column":44}},"71":{"start":{"line":232,"column":4},"end":{"line":238,"column":5}},"72":{"start":{"line":233,"column":8},"end":{"line":233,"column":36}},"73":{"start":{"line":235,"column":8},"end":{"line":235,"column":26}},"74":{"start":{"line":237,"column":8},"end":{"line":237,"column":35}},"75":{"start":{"line":240,"column":4},"end":{"line":246,"column":5}},"76":{"start":{"line":241,"column":8},"end":{"line":245,"column":10}}},"fnMap":{"0":{"name":"(anonymous_0)","decl":{"start":{"line":15,"column":30},"end":{"line":15,"column":31}},"loc":{"start":{"line":15,"column":46},"end":{"line":27,"column":1}},"line":15},"1":{"name":"(anonymous_1)","decl":{"start":{"line":20,"column":8},"end":{"line":20,"column":9}},"loc":{"start":{"line":20,"column":18},"end":{"line":20,"column":80}},"line":20},"2":{"name":"(anonymous_2)","decl":{"start":{"line":29,"column":31},"end":{"line":29,"column":32}},"loc":{"start":{"line":29,"column":37},"end":{"line":47,"column":1}},"line":29},"3":{"name":"(anonymous_3)","decl":{"start":{"line":36,"column":8},"end":{"line":36,"column":9}},"loc":{"start":{"line":36,"column":18},"end":{"line":45,"column":9}},"line":36},"4":{"name":"(anonymous_4)","decl":{"start":{"line":49,"column":27},"end":{"line":49,"column":28}},"loc":{"start":{"line":49,"column":64},"end":{"line":99,"column":1}},"line":49},"5":{"name":"(anonymous_5)","decl":{"start":{"line":49,"column":50},"end":{"line":49,"column":51}},"loc":{"start":{"line":49,"column":56},"end":{"line":49,"column":59}},"line":49},"6":{"name":"(anonymous_6)","decl":{"start":{"line":66,"column":8},"end":{"line":66,"column":9}},"loc":{"start":{"line":66,"column":17},"end":{"line":97,"column":9}},"line":66},"7":{"name":"(anonymous_7)","decl":{"start":{"line":95,"column":16},"end":{"line":95,"column":17}},"loc":{"start":{"line":95,"column":22},"end":{"line":95,"column":32}},"line":95},"8":{"name":"(anonymous_8)","decl":{"start":{"line":102,"column":26},"end":{"line":102,"column":27}},"loc":{"start":{"line":102,"column":32},"end":{"line":139,"column":1}},"line":102},"9":{"name":"(anonymous_9)","decl":{"start":{"line":111,"column":8},"end":{"line":111,"column":9}},"loc":{"start":{"line":116,"column":14},"end":{"line":137,"column":9}},"line":116},"10":{"name":"(anonymous_10)","decl":{"start":{"line":122,"column":16},"end":{"line":122,"column":17}},"loc":{"start":{"line":122,"column":26},"end":{"line":135,"column":17}},"line":122},"11":{"name":"(anonymous_11)","decl":{"start":{"line":133,"column":24},"end":{"line":133,"column":25}},"loc":{"start":{"line":133,"column":32},"end":{"line":133,"column":87}},"line":133},"12":{"name":"(anonymous_12)","decl":{"start":{"line":133,"column":43},"end":{"line":133,"column":44}},"loc":{"start":{"line":133,"column":49},"end":{"line":133,"column":79}},"line":133},"13":{"name":"(anonymous_13)","decl":{"start":{"line":141,"column":30},"end":{"line":141,"column":31}},"loc":{"start":{"line":141,"column":36},"end":{"line":177,"column":1}},"line":141},"14":{"name":"(anonymous_14)","decl":{"start":{"line":149,"column":8},"end":{"line":149,"column":9}},"loc":{"start":{"line":154,"column":14},"end":{"line":175,"column":9}},"line":154},"15":{"name":"(anonymous_15)","decl":{"start":{"line":160,"column":16},"end":{"line":160,"column":17}},"loc":{"start":{"line":160,"column":26},"end":{"line":173,"column":17}},"line":160},"16":{"name":"(anonymous_16)","decl":{"start":{"line":171,"column":24},"end":{"line":171,"column":25}},"loc":{"start":{"line":171,"column":32},"end":{"line":171,"column":87}},"line":171},"17":{"name":"(anonymous_17)","decl":{"start":{"line":171,"column":43},"end":{"line":171,"column":44}},"loc":{"start":{"line":171,"column":49},"end":{"line":171,"column":79}},"line":171},"18":{"name":"(anonymous_18)","decl":{"start":{"line":179,"column":26},"end":{"line":179,"column":27}},"loc":{"start":{"line":179,"column":72},"end":{"line":196,"column":1}},"line":179},"19":{"name":"(anonymous_19)","decl":{"start":{"line":186,"column":8},"end":{"line":186,"column":9}},"loc":{"start":{"line":186,"column":19},"end":{"line":186,"column":46}},"line":186},"20":{"name":"(anonymous_20)","decl":{"start":{"line":198,"column":35},"end":{"line":198,"column":36}},"loc":{"start":{"line":198,"column":62},"end":{"line":220,"column":1}},"line":198},"21":{"name":"(anonymous_21)","decl":{"start":{"line":222,"column":30},"end":{"line":222,"column":31}},"loc":{"start":{"line":222,"column":57},"end":{"line":247,"column":1}},"line":222},"22":{"name":"(anonymous_22)","decl":{"start":{"line":225,"column":38},"end":{"line":225,"column":39}},"loc":{"start":{"line":225,"column":48},"end":{"line":225,"column":65}},"line":225}},"branchMap":{"0":{"loc":{"start":{"line":23,"column":4},"end":{"line":25,"column":5}},"type":"if","locations":[{"start":{"line":23,"column":4},"end":{"line":25,"column":5}},{"start":{"line":23,"column":4},"end":{"line":25,"column":5}}],"line":23},"1":{"loc":{"start":{"line":37,"column":12},"end":{"line":39,"column":13}},"type":"if","locations":[{"start":{"line":37,"column":12},"end":{"line":39,"column":13}},{"start":{"line":37,"column":12},"end":{"line":39,"column":13}}],"line":37},"2":{"loc":{"start":{"line":37,"column":18},"end":{"line":37,"column":48}},"type":"binary-expr","locations":[{"start":{"line":37,"column":18},"end":{"line":37,"column":22}},{"start":{"line":37,"column":26},"end":{"line":37,"column":33}},{"start":{"line":37,"column":37},"end":{"line":37,"column":48}}],"line":37},"3":{"loc":{"start":{"line":42,"column":12},"end":{"line":44,"column":13}},"type":"if","locations":[{"start":{"line":42,"column":12},"end":{"line":44,"column":13}},{"start":{"line":42,"column":12},"end":{"line":44,"column":13}}],"line":42},"4":{"loc":{"start":{"line":49,"column":39},"end":{"line":49,"column":59}},"type":"default-arg","locations":[{"start":{"line":49,"column":50},"end":{"line":49,"column":59}}],"line":49},"5":{"loc":{"start":{"line":69,"column":32},"end":{"line":69,"column":52}},"type":"binary-expr","locations":[{"start":{"line":69,"column":32},"end":{"line":69,"column":46}},{"start":{"line":69,"column":50},"end":{"line":69,"column":52}}],"line":69},"6":{"loc":{"start":{"line":70,"column":41},"end":{"line":70,"column":70}},"type":"binary-expr","locations":[{"start":{"line":70,"column":41},"end":{"line":70,"column":64}},{"start":{"line":70,"column":68},"end":{"line":70,"column":70}}],"line":70},"7":{"loc":{"start":{"line":71,"column":39},"end":{"line":71,"column":66}},"type":"binary-expr","locations":[{"start":{"line":71,"column":39},"end":{"line":71,"column":60}},{"start":{"line":71,"column":64},"end":{"line":71,"column":66}}],"line":71},"8":{"loc":{"start":{"line":72,"column":32},"end":{"line":72,"column":52}},"type":"binary-expr","locations":[{"start":{"line":72,"column":32},"end":{"line":72,"column":46}},{"start":{"line":72,"column":50},"end":{"line":72,"column":52}}],"line":72},"9":{"loc":{"start":{"line":73,"column":32},"end":{"line":73,"column":52}},"type":"binary-expr","locations":[{"start":{"line":73,"column":32},"end":{"line":73,"column":46}},{"start":{"line":73,"column":50},"end":{"line":73,"column":52}}],"line":73},"10":{"loc":{"start":{"line":74,"column":30},"end":{"line":74,"column":48}},"type":"binary-expr","locations":[{"start":{"line":74,"column":30},"end":{"line":74,"column":42}},{"start":{"line":74,"column":46},"end":{"line":74,"column":48}}],"line":74},"11":{"loc":{"start":{"line":80,"column":32},"end":{"line":80,"column":52}},"type":"binary-expr","locations":[{"start":{"line":80,"column":32},"end":{"line":80,"column":46}},{"start":{"line":80,"column":50},"end":{"line":80,"column":52}}],"line":80},"12":{"loc":{"start":{"line":86,"column":24},"end":{"line":88,"column":54}},"type":"cond-expr","locations":[{"start":{"line":87,"column":30},"end":{"line":87,"column":34}},{"start":{"line":88,"column":30},"end":{"line":88,"column":54}}],"line":86},"13":{"loc":{"start":{"line":90,"column":24},"end":{"line":92,"column":52}},"type":"cond-expr","locations":[{"start":{"line":91,"column":30},"end":{"line":91,"column":35}},{"start":{"line":92,"column":30},"end":{"line":92,"column":52}}],"line":90},"14":{"loc":{"start":{"line":93,"column":26},"end":{"line":93,"column":76}},"type":"cond-expr","locations":[{"start":{"line":93,"column":60},"end":{"line":93,"column":65}},{"start":{"line":93,"column":68},"end":{"line":93,"column":76}}],"line":93},"15":{"loc":{"start":{"line":112,"column":12},"end":{"line":112,"column":37}},"type":"default-arg","locations":[{"start":{"line":112,"column":35},"end":{"line":112,"column":37}}],"line":112},"16":{"loc":{"start":{"line":113,"column":12},"end":{"line":113,"column":34}},"type":"default-arg","locations":[{"start":{"line":113,"column":32},"end":{"line":113,"column":34}}],"line":113},"17":{"loc":{"start":{"line":115,"column":12},"end":{"line":115,"column":27}},"type":"default-arg","locations":[{"start":{"line":115,"column":25},"end":{"line":115,"column":27}}],"line":115},"18":{"loc":{"start":{"line":123,"column":20},"end":{"line":125,"column":21}},"type":"if","locations":[{"start":{"line":123,"column":20},"end":{"line":125,"column":21}},{"start":{"line":123,"column":20},"end":{"line":125,"column":21}}],"line":123},"19":{"loc":{"start":{"line":123,"column":26},"end":{"line":123,"column":78}},"type":"binary-expr","locations":[{"start":{"line":123,"column":26},"end":{"line":123,"column":30}},{"start":{"line":123,"column":34},"end":{"line":123,"column":41}},{"start":{"line":123,"column":45},"end":{"line":123,"column":56}},{"start":{"line":123,"column":60},"end":{"line":123,"column":78}}],"line":123},"20":{"loc":{"start":{"line":126,"column":20},"end":{"line":128,"column":21}},"type":"if","locations":[{"start":{"line":126,"column":20},"end":{"line":128,"column":21}},{"start":{"line":126,"column":20},"end":{"line":128,"column":21}}],"line":126},"21":{"loc":{"start":{"line":150,"column":12},"end":{"line":150,"column":39}},"type":"default-arg","locations":[{"start":{"line":150,"column":37},"end":{"line":150,"column":39}}],"line":150},"22":{"loc":{"start":{"line":151,"column":12},"end":{"line":151,"column":36}},"type":"default-arg","locations":[{"start":{"line":151,"column":34},"end":{"line":151,"column":36}}],"line":151},"23":{"loc":{"start":{"line":153,"column":12},"end":{"line":153,"column":27}},"type":"default-arg","locations":[{"start":{"line":153,"column":25},"end":{"line":153,"column":27}}],"line":153},"24":{"loc":{"start":{"line":161,"column":20},"end":{"line":163,"column":21}},"type":"if","locations":[{"start":{"line":161,"column":20},"end":{"line":163,"column":21}},{"start":{"line":161,"column":20},"end":{"line":163,"column":21}}],"line":161},"25":{"loc":{"start":{"line":161,"column":26},"end":{"line":161,"column":80}},"type":"binary-expr","locations":[{"start":{"line":161,"column":26},"end":{"line":161,"column":30}},{"start":{"line":161,"column":34},"end":{"line":161,"column":41}},{"start":{"line":161,"column":45},"end":{"line":161,"column":56}},{"start":{"line":161,"column":60},"end":{"line":161,"column":80}}],"line":161},"26":{"loc":{"start":{"line":164,"column":20},"end":{"line":166,"column":21}},"type":"if","locations":[{"start":{"line":164,"column":20},"end":{"line":166,"column":21}},{"start":{"line":164,"column":20},"end":{"line":166,"column":21}}],"line":164},"27":{"loc":{"start":{"line":180,"column":4},"end":{"line":182,"column":5}},"type":"if","locations":[{"start":{"line":180,"column":4},"end":{"line":182,"column":5}},{"start":{"line":180,"column":4},"end":{"line":182,"column":5}}],"line":180},"28":{"loc":{"start":{"line":180,"column":8},"end":{"line":180,"column":55}},"type":"binary-expr","locations":[{"start":{"line":180,"column":8},"end":{"line":180,"column":38}},{"start":{"line":180,"column":42},"end":{"line":180,"column":55}}],"line":180},"29":{"loc":{"start":{"line":186,"column":19},"end":{"line":186,"column":46}},"type":"cond-expr","locations":[{"start":{"line":186,"column":41},"end":{"line":186,"column":42}},{"start":{"line":186,"column":45},"end":{"line":186,"column":46}}],"line":186},"30":{"loc":{"start":{"line":191,"column":4},"end":{"line":191,"column":28}},"type":"if","locations":[{"start":{"line":191,"column":4},"end":{"line":191,"column":28}},{"start":{"line":191,"column":4},"end":{"line":191,"column":28}}],"line":191},"31":{"loc":{"start":{"line":193,"column":4},"end":{"line":195,"column":5}},"type":"if","locations":[{"start":{"line":193,"column":4},"end":{"line":195,"column":5}},{"start":{"line":193,"column":4},"end":{"line":195,"column":5}}],"line":193},"32":{"loc":{"start":{"line":193,"column":10},"end":{"line":193,"column":78}},"type":"binary-expr","locations":[{"start":{"line":193,"column":10},"end":{"line":193,"column":27}},{"start":{"line":193,"column":31},"end":{"line":193,"column":78}}],"line":193},"33":{"loc":{"start":{"line":200,"column":4},"end":{"line":202,"column":5}},"type":"if","locations":[{"start":{"line":200,"column":4},"end":{"line":202,"column":5}},{"start":{"line":200,"column":4},"end":{"line":202,"column":5}}],"line":200},"34":{"loc":{"start":{"line":203,"column":4},"end":{"line":205,"column":5}},"type":"if","locations":[{"start":{"line":203,"column":4},"end":{"line":205,"column":5}},{"start":{"line":203,"column":4},"end":{"line":205,"column":5}}],"line":203},"35":{"loc":{"start":{"line":206,"column":4},"end":{"line":212,"column":5}},"type":"if","locations":[{"start":{"line":206,"column":4},"end":{"line":212,"column":5}},{"start":{"line":206,"column":4},"end":{"line":212,"column":5}}],"line":206},"36":{"loc":{"start":{"line":213,"column":4},"end":{"line":219,"column":5}},"type":"if","locations":[{"start":{"line":213,"column":4},"end":{"line":219,"column":5}},{"start":{"line":213,"column":4},"end":{"line":219,"column":5}}],"line":213},"37":{"loc":{"start":{"line":224,"column":27},"end":{"line":226,"column":12}},"type":"cond-expr","locations":[{"start":{"line":225,"column":10},"end":{"line":225,"column":66}},{"start":{"line":226,"column":10},"end":{"line":226,"column":12}}],"line":224},"38":{"loc":{"start":{"line":227,"column":25},"end":{"line":227,"column":54}},"type":"binary-expr","locations":[{"start":{"line":227,"column":25},"end":{"line":227,"column":48}},{"start":{"line":227,"column":52},"end":{"line":227,"column":54}}],"line":227},"39":{"loc":{"start":{"line":232,"column":4},"end":{"line":238,"column":5}},"type":"if","locations":[{"start":{"line":232,"column":4},"end":{"line":238,"column":5}},{"start":{"line":232,"column":4},"end":{"line":238,"column":5}}],"line":232},"40":{"loc":{"start":{"line":232,"column":8},"end":{"line":232,"column":41}},"type":"binary-expr","locations":[{"start":{"line":232,"column":8},"end":{"line":232,"column":18}},{"start":{"line":232,"column":22},"end":{"line":232,"column":41}}],"line":232},"41":{"loc":{"start":{"line":240,"column":4},"end":{"line":246,"column":5}},"type":"if","locations":[{"start":{"line":240,"column":4},"end":{"line":246,"column":5}},{"start":{"line":240,"column":4},"end":{"line":246,"column":5}}],"line":240}},"s":{"0":1,"1":1,"2":2,"3":2,"4":8,"5":2,"6":2,"7":2,"8":1,"9":0,"10":0,"11":0,"12":0,"13":0,"14":0,"15":0,"16":1,"17":0,"18":0,"19":0,"20":1,"21":0,"22":0,"23":0,"24":0,"25":0,"26":0,"27":0,"28":0,"29":0,"30":1,"31":0,"32":0,"33":0,"34":0,"35":0,"36":0,"37":0,"38":0,"39":0,"40":1,"41":0,"42":0,"43":0,"44":0,"45":0,"46":0,"47":0,"48":0,"49":0,"50":0,"51":1,"52":0,"53":0,"54":0,"55":0,"56":0,"57":0,"58":0,"59":0,"60":0,"61":0,"62":0,"63":1,"64":0,"65":0,"66":0,"67":0,"68":0,"69":0,"70":0,"71":0,"72":0,"73":0,"74":0,"75":0,"76":0},"f":{"0":2,"1":8,"2":0,"3":0,"4":0,"5":0,"6":0,"7":0,"8":0,"9":0,"10":0,"11":0,"12":0,"13":0,"14":0,"15":0,"16":0,"17":0,"18":0,"19":0,"20":0,"21":0,"22":0},"b":{"0":[2,0],"1":[0,0],"2":[0,0,0],"3":[0,0],"4":[0],"5":[0,0],"6":[0,0],"7":[0,0],"8":[0,0],"9":[0,0],"10":[0,0],"11":[0,0],"12":[0,0],"13":[0,0],"14":[0,0],"15":[0],"16":[0],"17":[0],"18":[0,0],"19":[0,0,0,0],"20":[0,0],"21":[0],"22":[0],"23":[0],"24":[0,0],"25":[0,0,0,0],"26":[0,0],"27":[0,0],"28":[0,0],"29":[0,0],"30":[0,0],"31":[0,0],"32":[0,0],"33":[0,0],"34":[0,0],"35":[0,0],"36":[0,0],"37":[0,0],"38":[0,0],"39":[0,0],"40":[0,0],"41":[0,0]},"_coverageSchema":"43e27e138ebf9cfc5966b082cf9a028302ed4184","hash":"93ef02d93894e08cba041b2f03a9665c5d30d362"}
}
