TN:
SF:/Users/andreasivarsson/mindful-internet-use/src/background/API/API.js
FN:15,(anonymous_0)
FN:20,(anonymous_1)
FN:29,(anonymous_2)
FN:36,(anonymous_3)
FN:52,(anonymous_4)
FN:52,(anonymous_5)
FN:69,(anonymous_6)
FN:98,(anonymous_7)
FN:105,(anonymous_8)
FN:114,(anonymous_9)
FN:125,(anonymous_10)
FN:136,(anonymous_11)
FN:136,(anonymous_12)
FN:144,(anonymous_13)
FN:152,(anonymous_14)
FN:163,(anonymous_15)
FN:174,(anonymous_16)
FN:174,(anonymous_17)
FN:182,(anonymous_18)
FN:189,(anonymous_19)
FN:201,(anonymous_20)
FN:225,(anonymous_21)
FN:228,(anonymous_22)
FNF:23
FNH:4
FNDA:3,(anonymous_0)
FNDA:9,(anonymous_1)
FNDA:2,(anonymous_2)
FNDA:2,(anonymous_3)
FNDA:0,(anonymous_4)
FNDA:0,(anonymous_5)
FNDA:0,(anonymous_6)
FNDA:0,(anonymous_7)
FNDA:0,(anonymous_8)
FNDA:0,(anonymous_9)
FNDA:0,(anonymous_10)
FNDA:0,(anonymous_11)
FNDA:0,(anonymous_12)
FNDA:0,(anonymous_13)
FNDA:0,(anonymous_14)
FNDA:0,(anonymous_15)
FNDA:0,(anonymous_16)
FNDA:0,(anonymous_17)
FNDA:0,(anonymous_18)
FNDA:0,(anonymous_19)
FNDA:0,(anonymous_20)
FNDA:0,(anonymous_21)
FNDA:0,(anonymous_22)
DA:11,1
DA:15,1
DA:17,3
DA:19,3
DA:20,9
DA:23,3
DA:24,2
DA:26,3
DA:29,1
DA:30,2
DA:38,2
DA:39,0
DA:42,2
DA:44,2
DA:45,2
DA:46,1
DA:52,1
DA:53,0
DA:70,0
DA:98,0
DA:105,1
DA:107,0
DA:120,0
DA:126,0
DA:127,0
DA:129,0
DA:130,0
DA:133,0
DA:136,0
DA:144,1
DA:145,0
DA:158,0
DA:164,0
DA:165,0
DA:167,0
DA:168,0
DA:171,0
DA:174,0
DA:182,1
DA:183,0
DA:184,0
DA:187,0
DA:188,0
DA:189,0
DA:192,0
DA:194,0
DA:196,0
DA:197,0
DA:201,1
DA:202,0
DA:203,0
DA:204,0
DA:206,0
DA:207,0
DA:209,0
DA:210,0
DA:211,0
DA:216,0
DA:217,0
DA:218,0
DA:225,1
DA:226,0
DA:227,0
DA:228,0
DA:230,0
DA:231,0
DA:232,0
DA:233,0
DA:235,0
DA:236,0
DA:237,0
DA:239,0
DA:242,0
DA:243,0
LF:74
LH:21
BRDA:23,0,0,2
BRDA:23,0,1,1
BRDA:38,1,0,0
BRDA:38,1,1,2
BRDA:38,2,0,2
BRDA:38,2,1,2
BRDA:38,2,2,2
BRDA:45,3,0,1
BRDA:45,3,1,1
BRDA:52,4,0,0
BRDA:72,5,0,0
BRDA:72,5,1,0
BRDA:73,6,0,0
BRDA:73,6,1,0
BRDA:74,7,0,0
BRDA:74,7,1,0
BRDA:75,8,0,0
BRDA:75,8,1,0
BRDA:76,9,0,0
BRDA:76,9,1,0
BRDA:77,10,0,0
BRDA:77,10,1,0
BRDA:83,11,0,0
BRDA:83,11,1,0
BRDA:89,12,0,0
BRDA:89,12,1,0
BRDA:93,13,0,0
BRDA:93,13,1,0
BRDA:96,14,0,0
BRDA:96,14,1,0
BRDA:115,15,0,0
BRDA:116,16,0,0
BRDA:118,17,0,0
BRDA:126,18,0,0
BRDA:126,18,1,0
BRDA:126,19,0,0
BRDA:126,19,1,0
BRDA:126,19,2,0
BRDA:126,19,3,0
BRDA:129,20,0,0
BRDA:129,20,1,0
BRDA:153,21,0,0
BRDA:154,22,0,0
BRDA:156,23,0,0
BRDA:164,24,0,0
BRDA:164,24,1,0
BRDA:164,25,0,0
BRDA:164,25,1,0
BRDA:164,25,2,0
BRDA:164,25,3,0
BRDA:167,26,0,0
BRDA:167,26,1,0
BRDA:183,27,0,0
BRDA:183,27,1,0
BRDA:183,28,0,0
BRDA:183,28,1,0
BRDA:189,29,0,0
BRDA:189,29,1,0
BRDA:194,30,0,0
BRDA:194,30,1,0
BRDA:196,31,0,0
BRDA:196,31,1,0
BRDA:196,32,0,0
BRDA:196,32,1,0
BRDA:203,33,0,0
BRDA:203,33,1,0
BRDA:206,34,0,0
BRDA:206,34,1,0
BRDA:209,35,0,0
BRDA:209,35,1,0
BRDA:216,36,0,0
BRDA:216,36,1,0
BRDA:227,37,0,0
BRDA:227,37,1,0
BRDA:230,38,0,0
BRDA:230,38,1,0
BRDA:235,39,0,0
BRDA:235,39,1,0
BRDA:235,40,0,0
BRDA:235,40,1,0
BRDA:242,41,0,0
BRDA:242,41,1,0
BRF:82
BRH:8
end_of_record
