TN:
SF:/Users/andreasivarsson/mindful-internet-use/src/background/API/API.js
FN:15,(anonymous_0)
FN:20,(anonymous_1)
FN:29,(anonymous_2)
FN:36,(anonymous_3)
FN:49,(anonymous_4)
FN:49,(anonymous_5)
FN:66,(anonymous_6)
FN:95,(anonymous_7)
FN:102,(anonymous_8)
FN:111,(anonymous_9)
FN:122,(anonymous_10)
FN:133,(anonymous_11)
FN:133,(anonymous_12)
FN:141,(anonymous_13)
FN:149,(anonymous_14)
FN:160,(anonymous_15)
FN:171,(anonymous_16)
FN:171,(anonymous_17)
FN:179,(anonymous_18)
FN:186,(anonymous_19)
FN:198,(anonymous_20)
FN:222,(anonymous_21)
FN:225,(anonymous_22)
FNF:23
FNH:2
FNDA:2,(anonymous_0)
FNDA:8,(anonymous_1)
FNDA:0,(anonymous_2)
FNDA:0,(anonymous_3)
FNDA:0,(anonymous_4)
FNDA:0,(anonymous_5)
FNDA:0,(anonymous_6)
FNDA:0,(anonymous_7)
FNDA:0,(anonymous_8)
FNDA:0,(anonymous_9)
FNDA:0,(anonymous_10)
FNDA:0,(anonymous_11)
FNDA:0,(anonymous_12)
FNDA:0,(anonymous_13)
FNDA:0,(anonymous_14)
FNDA:0,(anonymous_15)
FNDA:0,(anonymous_16)
FNDA:0,(anonymous_17)
FNDA:0,(anonymous_18)
FNDA:0,(anonymous_19)
FNDA:0,(anonymous_20)
FNDA:0,(anonymous_21)
FNDA:0,(anonymous_22)
DA:11,1
DA:15,1
DA:17,2
DA:19,2
DA:20,8
DA:23,2
DA:24,2
DA:26,2
DA:29,1
DA:30,0
DA:37,0
DA:38,0
DA:40,0
DA:41,0
DA:42,0
DA:43,0
DA:49,1
DA:50,0
DA:67,0
DA:95,0
DA:102,1
DA:104,0
DA:117,0
DA:123,0
DA:124,0
DA:126,0
DA:127,0
DA:130,0
DA:133,0
DA:141,1
DA:142,0
DA:155,0
DA:161,0
DA:162,0
DA:164,0
DA:165,0
DA:168,0
DA:171,0
DA:179,1
DA:180,0
DA:181,0
DA:184,0
DA:185,0
DA:186,0
DA:189,0
DA:191,0
DA:193,0
DA:194,0
DA:198,1
DA:199,0
DA:200,0
DA:201,0
DA:203,0
DA:204,0
DA:206,0
DA:207,0
DA:208,0
DA:213,0
DA:214,0
DA:215,0
DA:222,1
DA:223,0
DA:224,0
DA:225,0
DA:227,0
DA:228,0
DA:229,0
DA:230,0
DA:232,0
DA:233,0
DA:235,0
DA:237,0
DA:240,0
DA:241,0
LF:74
LH:15
BRDA:23,0,0,2
BRDA:23,0,1,0
BRDA:37,1,0,0
BRDA:37,1,1,0
BRDA:37,2,0,0
BRDA:37,2,1,0
BRDA:37,2,2,0
BRDA:42,3,0,0
BRDA:42,3,1,0
BRDA:49,4,0,0
BRDA:69,5,0,0
BRDA:69,5,1,0
BRDA:70,6,0,0
BRDA:70,6,1,0
BRDA:71,7,0,0
BRDA:71,7,1,0
BRDA:72,8,0,0
BRDA:72,8,1,0
BRDA:73,9,0,0
BRDA:73,9,1,0
BRDA:74,10,0,0
BRDA:74,10,1,0
BRDA:80,11,0,0
BRDA:80,11,1,0
BRDA:86,12,0,0
BRDA:86,12,1,0
BRDA:90,13,0,0
BRDA:90,13,1,0
BRDA:93,14,0,0
BRDA:93,14,1,0
BRDA:112,15,0,0
BRDA:113,16,0,0
BRDA:115,17,0,0
BRDA:123,18,0,0
BRDA:123,18,1,0
BRDA:123,19,0,0
BRDA:123,19,1,0
BRDA:123,19,2,0
BRDA:123,19,3,0
BRDA:126,20,0,0
BRDA:126,20,1,0
BRDA:150,21,0,0
BRDA:151,22,0,0
BRDA:153,23,0,0
BRDA:161,24,0,0
BRDA:161,24,1,0
BRDA:161,25,0,0
BRDA:161,25,1,0
BRDA:161,25,2,0
BRDA:161,25,3,0
BRDA:164,26,0,0
BRDA:164,26,1,0
BRDA:180,27,0,0
BRDA:180,27,1,0
BRDA:180,28,0,0
BRDA:180,28,1,0
BRDA:186,29,0,0
BRDA:186,29,1,0
BRDA:191,30,0,0
BRDA:191,30,1,0
BRDA:193,31,0,0
BRDA:193,31,1,0
BRDA:193,32,0,0
BRDA:193,32,1,0
BRDA:200,33,0,0
BRDA:200,33,1,0
BRDA:203,34,0,0
BRDA:203,34,1,0
BRDA:206,35,0,0
BRDA:206,35,1,0
BRDA:213,36,0,0
BRDA:213,36,1,0
BRDA:224,37,0,0
BRDA:224,37,1,0
BRDA:227,38,0,0
BRDA:227,38,1,0
BRDA:232,39,0,0
BRDA:232,39,1,0
BRDA:232,40,0,0
BRDA:232,40,1,0
BRDA:240,41,0,0
BRDA:240,41,1,0
BRF:82
BRH:1
end_of_record
